BooktrackerProject_local/app/build/intermediates/manifest_merge_blame_file/debug/manifest-merger-blame-debug-report.txt
1<?xml version="1.0" encoding="utf-8"?>
2<manifest xmlns:android="http://schemas.android.com/apk/res/android"
3    package="com.example.booktracker"
4    android:versionCode="1"
5    android:versionName="1.0" >
6
7    <uses-sdk
8        android:minSdkVersion="16"
8-->src\main\AndroidManifest.xml
9        android:targetSdkVersion="30" />
9-->src\main\AndroidManifest.xml
10
11    <uses-permission android:name="android.permission.ACCESS_NETWORK_STATE" />
11-->[com.firebaseui:firebase-ui-auth:4.3.2] AndroidManifest.xml:12:5-79
11-->[com.firebaseui:firebase-ui-auth:4.3.2] AndroidManifest.xml:12:22-76
12    <uses-permission android:name="android.permission.INTERNET" />
12-->[com.firebaseui:firebase-ui-auth:4.3.2] AndroidManifest.xml:13:5-67
12-->[com.firebaseui:firebase-ui-auth:4.3.2] AndroidManifest.xml:13:22-64
13    <uses-permission android:name="android.permission.WAKE_LOCK" />
13-->[com.google.android.gms:play-services-measurement-api:18.0.0] AndroidManifest.xml:24:5-68
13-->[com.google.android.gms:play-services-measurement-api:18.0.0] AndroidManifest.xml:24:22-65
14    <uses-permission android:name="com.google.android.finsky.permission.BIND_GET_INSTALL_REFERRER_SERVICE" />
14-->[com.google.android.gms:play-services-measurement:18.0.0] AndroidManifest.xml:26:5-110
14-->[com.google.android.gms:play-services-measurement:18.0.0] AndroidManifest.xml:26:22-107
15
16    <application
16-->src\main\AndroidManifest.xml:5:5-23:19
17        android:name="androidx.multidex.MultiDexApplication"
18        android:allowBackup="true"
18-->src\main\AndroidManifest.xml:6:9-35
19        android:appComponentFactory="androidx.core.app.CoreComponentFactory"
19-->[androidx.core:core:1.3.1] AndroidManifest.xml:24:18-86
20        android:debuggable="true"
21        android:icon="@mipmap/ic_launcher"
21-->src\main\AndroidManifest.xml:7:9-43
22        android:label="@string/app_name"
22-->src\main\AndroidManifest.xml:8:9-41
23        android:roundIcon="@mipmap/ic_launcher_round"
23-->src\main\AndroidManifest.xml:9:9-54
24        android:supportsRtl="true"
24-->src\main\AndroidManifest.xml:10:9-35
25        android:theme="@style/AppTheme" >
25-->src\main\AndroidManifest.xml:11:9-40
26        <activity
26-->src\main\AndroidManifest.xml:12:9-14:75
27            android:name="com.example.booktracker.MainScreen"
27-->src\main\AndroidManifest.xml:13:13-39
28            android:label="@string/title_activity_main_screen" />
28-->src\main\AndroidManifest.xml:14:13-63
29        <activity android:name="com.example.booktracker.Profile" />
29-->src\main\AndroidManifest.xml:15:9-45
29-->src\main\AndroidManifest.xml:15:19-42
30        <activity android:name="com.example.booktracker.MainActivity" >
30-->src\main\AndroidManifest.xml:16:9-22:20
30-->src\main\AndroidManifest.xml:16:19-47
31            <intent-filter>
31-->src\main\AndroidManifest.xml:17:13-21:29
32                <action android:name="android.intent.action.MAIN" />
32-->src\main\AndroidManifest.xml:18:17-69
32-->src\main\AndroidManifest.xml:18:25-66
33
34                <category android:name="android.intent.category.LAUNCHER" />
34-->src\main\AndroidManifest.xml:20:17-77
34-->src\main\AndroidManifest.xml:20:27-74
35            </intent-filter>
36        </activity>
37
38        <meta-data
38-->[com.firebaseui:firebase-ui-auth:4.3.2] AndroidManifest.xml:16:9-18:69
39            android:name="com.google.android.gms.version"
39-->[com.firebaseui:firebase-ui-auth:4.3.2] AndroidManifest.xml:17:13-58
40            android:value="@integer/google_play_services_version" />
40-->[com.firebaseui:firebase-ui-auth:4.3.2] AndroidManifest.xml:18:13-66
41        <meta-data
41-->[com.firebaseui:firebase-ui-auth:4.3.2] AndroidManifest.xml:19:9-21:63
42            android:name="com.facebook.sdk.ApplicationId"
42-->[com.firebaseui:firebase-ui-auth:4.3.2] AndroidManifest.xml:20:13-58
43            android:value="@string/facebook_application_id" />
43-->[com.firebaseui:firebase-ui-auth:4.3.2] AndroidManifest.xml:21:13-60
44
45        <activity
45-->[com.firebaseui:firebase-ui-auth:4.3.2] AndroidManifest.xml:23:9-27:61
46            android:name="com.firebase.ui.auth.KickoffActivity"
46-->[com.firebaseui:firebase-ui-auth:4.3.2] AndroidManifest.xml:24:13-64
47            android:exported="false"
47-->[com.firebaseui:firebase-ui-auth:4.3.2] AndroidManifest.xml:25:13-37
48            android:label=""
48-->[com.firebaseui:firebase-ui-auth:4.3.2] AndroidManifest.xml:26:13-29
49            android:theme="@style/FirebaseUI.Transparent" />
49-->[com.firebaseui:firebase-ui-auth:4.3.2] AndroidManifest.xml:27:13-58
50        <activity
50-->[com.firebaseui:firebase-ui-auth:4.3.2] AndroidManifest.xml:28:9-32:61
51            android:name="com.firebase.ui.auth.ui.idp.SingleSignInActivity"
51-->[com.firebaseui:firebase-ui-auth:4.3.2] AndroidManifest.xml:29:13-76
52            android:exported="false"
52-->[com.firebaseui:firebase-ui-auth:4.3.2] AndroidManifest.xml:30:13-37
53            android:label=""
53-->[com.firebaseui:firebase-ui-auth:4.3.2] AndroidManifest.xml:31:13-29
54            android:theme="@style/FirebaseUI.Transparent" />
54-->[com.firebaseui:firebase-ui-auth:4.3.2] AndroidManifest.xml:32:13-58
55        <activity
55-->[com.firebaseui:firebase-ui-auth:4.3.2] AndroidManifest.xml:33:9-37:61
56            android:name="com.firebase.ui.auth.ui.credentials.CredentialSaveActivity"
56-->[com.firebaseui:firebase-ui-auth:4.3.2] AndroidManifest.xml:34:13-86
57            android:exported="false"
57-->[com.firebaseui:firebase-ui-auth:4.3.2] AndroidManifest.xml:35:13-37
58            android:label=""
58-->[com.firebaseui:firebase-ui-auth:4.3.2] AndroidManifest.xml:36:13-29
59            android:theme="@style/FirebaseUI.Transparent" />
59-->[com.firebaseui:firebase-ui-auth:4.3.2] AndroidManifest.xml:37:13-58
60        <activity
60-->[com.firebaseui:firebase-ui-auth:4.3.2] AndroidManifest.xml:38:9-42:58
61            android:name="com.firebase.ui.auth.ui.email.RecoverPasswordActivity"
61-->[com.firebaseui:firebase-ui-auth:4.3.2] AndroidManifest.xml:39:13-81
62            android:exported="false"
62-->[com.firebaseui:firebase-ui-auth:4.3.2] AndroidManifest.xml:40:13-37
63            android:label="@string/fui_title_recover_password_activity"
63-->[com.firebaseui:firebase-ui-auth:4.3.2] AndroidManifest.xml:41:13-72
64            android:windowSoftInputMode="adjustResize" />
64-->[com.firebaseui:firebase-ui-auth:4.3.2] AndroidManifest.xml:42:13-55
65        <activity
65-->[com.firebaseui:firebase-ui-auth:4.3.2] AndroidManifest.xml:43:9-47:58
66            android:name="com.firebase.ui.auth.ui.email.EmailActivity"
66-->[com.firebaseui:firebase-ui-auth:4.3.2] AndroidManifest.xml:44:13-71
67            android:exported="false"
67-->[com.firebaseui:firebase-ui-auth:4.3.2] AndroidManifest.xml:45:13-37
68            android:label="@string/fui_sign_in_default"
68-->[com.firebaseui:firebase-ui-auth:4.3.2] AndroidManifest.xml:46:13-56
69            android:windowSoftInputMode="adjustResize" />
69-->[com.firebaseui:firebase-ui-auth:4.3.2] AndroidManifest.xml:47:13-55
70        <activity
70-->[com.firebaseui:firebase-ui-auth:4.3.2] AndroidManifest.xml:48:9-52:77
71            android:name="com.firebase.ui.auth.ui.phone.PhoneActivity"
71-->[com.firebaseui:firebase-ui-auth:4.3.2] AndroidManifest.xml:49:13-71
72            android:exported="false"
72-->[com.firebaseui:firebase-ui-auth:4.3.2] AndroidManifest.xml:50:13-37
73            android:label="@string/fui_sign_in_with_phone_number"
73-->[com.firebaseui:firebase-ui-auth:4.3.2] AndroidManifest.xml:51:13-66
74            android:windowSoftInputMode="adjustResize|stateAlwaysVisible" />
74-->[com.firebaseui:firebase-ui-auth:4.3.2] AndroidManifest.xml:52:13-74
75        <activity
75-->[com.firebaseui:firebase-ui-auth:4.3.2] AndroidManifest.xml:53:9-57:58
76            android:name="com.firebase.ui.auth.ui.idp.WelcomeBackIdpPrompt"
76-->[com.firebaseui:firebase-ui-auth:4.3.2] AndroidManifest.xml:54:13-76
77            android:exported="false"
77-->[com.firebaseui:firebase-ui-auth:4.3.2] AndroidManifest.xml:55:13-37
78            android:label="@string/fui_title_welcome_back_idp_prompt"
78-->[com.firebaseui:firebase-ui-auth:4.3.2] AndroidManifest.xml:56:13-70
79            android:windowSoftInputMode="adjustResize" />
79-->[com.firebaseui:firebase-ui-auth:4.3.2] AndroidManifest.xml:57:13-55
80        <activity
80-->[com.firebaseui:firebase-ui-auth:4.3.2] AndroidManifest.xml:58:9-62:58
81            android:name="com.firebase.ui.auth.ui.email.WelcomeBackPasswordPrompt"
81-->[com.firebaseui:firebase-ui-auth:4.3.2] AndroidManifest.xml:59:13-83
82            android:exported="false"
82-->[com.firebaseui:firebase-ui-auth:4.3.2] AndroidManifest.xml:60:13-37
83            android:label="@string/fui_title_welcome_back_password_prompt"
83-->[com.firebaseui:firebase-ui-auth:4.3.2] AndroidManifest.xml:61:13-75
84            android:windowSoftInputMode="adjustResize" />
84-->[com.firebaseui:firebase-ui-auth:4.3.2] AndroidManifest.xml:62:13-55
85        <activity
85-->[com.firebaseui:firebase-ui-auth:4.3.2] AndroidManifest.xml:63:9-67:58
86            android:name="com.firebase.ui.auth.ui.email.WelcomeBackEmailLinkPrompt"
86-->[com.firebaseui:firebase-ui-auth:4.3.2] AndroidManifest.xml:64:13-84
87            android:exported="false"
87-->[com.firebaseui:firebase-ui-auth:4.3.2] AndroidManifest.xml:65:13-37
88            android:label="@string/fui_title_welcome_back_password_prompt"
88-->[com.firebaseui:firebase-ui-auth:4.3.2] AndroidManifest.xml:66:13-75
89            android:windowSoftInputMode="adjustResize" />
89-->[com.firebaseui:firebase-ui-auth:4.3.2] AndroidManifest.xml:67:13-55
90        <activity
90-->[com.firebaseui:firebase-ui-auth:4.3.2] AndroidManifest.xml:68:9-73:58
91            android:name="com.firebase.ui.auth.ui.email.EmailLinkCatcherActivity"
91-->[com.firebaseui:firebase-ui-auth:4.3.2] AndroidManifest.xml:69:13-82
92            android:exported="false"
92-->[com.firebaseui:firebase-ui-auth:4.3.2] AndroidManifest.xml:70:13-37
93            android:label=""
93-->[com.firebaseui:firebase-ui-auth:4.3.2] AndroidManifest.xml:71:13-29
94            android:theme="@style/FirebaseUI.Transparent"
94-->[com.firebaseui:firebase-ui-auth:4.3.2] AndroidManifest.xml:72:13-58
95            android:windowSoftInputMode="adjustResize" />
95-->[com.firebaseui:firebase-ui-auth:4.3.2] AndroidManifest.xml:73:13-55
96        <activity
96-->[com.firebaseui:firebase-ui-auth:4.3.2] AndroidManifest.xml:74:9-78:58
97            android:name="com.firebase.ui.auth.ui.email.EmailLinkErrorRecoveryActivity"
97-->[com.firebaseui:firebase-ui-auth:4.3.2] AndroidManifest.xml:75:13-88
98            android:exported="false"
98-->[com.firebaseui:firebase-ui-auth:4.3.2] AndroidManifest.xml:76:13-37
99            android:label="@string/fui_sign_in_default"
99-->[com.firebaseui:firebase-ui-auth:4.3.2] AndroidManifest.xml:77:13-56
100            android:windowSoftInputMode="adjustResize" />
100-->[com.firebaseui:firebase-ui-auth:4.3.2] AndroidManifest.xml:78:13-55
101        <activity
101-->[com.firebaseui:firebase-ui-auth:4.3.2] AndroidManifest.xml:79:9-82:65
102            android:name="com.firebase.ui.auth.ui.idp.AuthMethodPickerActivity"
102-->[com.firebaseui:firebase-ui-auth:4.3.2] AndroidManifest.xml:80:13-80
103            android:exported="false"
103-->[com.firebaseui:firebase-ui-auth:4.3.2] AndroidManifest.xml:81:13-37
104            android:label="@string/fui_default_toolbar_title" />
104-->[com.firebaseui:firebase-ui-auth:4.3.2] AndroidManifest.xml:82:13-62
105        <activity
105-->[com.firebaseui:firebase-ui-auth:4.3.2] AndroidManifest.xml:83:9-87:48
106            android:name="com.facebook.FacebookActivity"
106-->[com.firebaseui:firebase-ui-auth:4.3.2] AndroidManifest.xml:84:13-57
107            android:configChanges="keyboard|keyboardHidden|screenLayout|screenSize|orientation"
107-->[com.firebaseui:firebase-ui-auth:4.3.2] AndroidManifest.xml:85:13-96
108            android:label="@string/app_name" />
108-->[com.firebaseui:firebase-ui-auth:4.3.2] AndroidManifest.xml:86:13-45
109        <activity
109-->[com.firebaseui:firebase-ui-auth:4.3.2] AndroidManifest.xml:88:9-100:20
110            android:name="com.facebook.CustomTabActivity"
110-->[com.firebaseui:firebase-ui-auth:4.3.2] AndroidManifest.xml:89:13-58
111            android:exported="true" >
111-->[com.firebaseui:firebase-ui-auth:4.3.2] AndroidManifest.xml:90:13-36
112            <intent-filter>
112-->[com.firebaseui:firebase-ui-auth:4.3.2] AndroidManifest.xml:92:13-99:29
113                <action android:name="android.intent.action.VIEW" />
113-->[com.firebaseui:firebase-ui-auth:4.3.2] AndroidManifest.xml:93:17-69
113-->[com.firebaseui:firebase-ui-auth:4.3.2] AndroidManifest.xml:93:25-66
114
115                <category android:name="android.intent.category.DEFAULT" />
115-->[com.firebaseui:firebase-ui-auth:4.3.2] AndroidManifest.xml:95:17-76
115-->[com.firebaseui:firebase-ui-auth:4.3.2] AndroidManifest.xml:95:27-73
116                <category android:name="android.intent.category.BROWSABLE" />
116-->[com.firebaseui:firebase-ui-auth:4.3.2] AndroidManifest.xml:96:17-78
116-->[com.firebaseui:firebase-ui-auth:4.3.2] AndroidManifest.xml:96:27-75
117
118                <data android:scheme="@string/facebook_login_protocol_scheme" />
118-->[com.firebaseui:firebase-ui-auth:4.3.2] AndroidManifest.xml:98:17-81
118-->[com.firebaseui:firebase-ui-auth:4.3.2] AndroidManifest.xml:98:23-78
119            </intent-filter>
120        </activity>
121
122        <provider
122-->[com.firebaseui:firebase-ui-auth:4.3.2] AndroidManifest.xml:102:9-106:38
123            android:name="com.firebase.ui.auth.data.client.AuthUiInitProvider"
123-->[com.firebaseui:firebase-ui-auth:4.3.2] AndroidManifest.xml:103:13-79
124            android:authorities="com.example.booktracker.authuiinitprovider"
124-->[com.firebaseui:firebase-ui-auth:4.3.2] AndroidManifest.xml:104:13-70
125            android:exported="false"
125-->[com.firebaseui:firebase-ui-auth:4.3.2] AndroidManifest.xml:105:13-37
126            android:initOrder="90" />
126-->[com.firebaseui:firebase-ui-auth:4.3.2] AndroidManifest.xml:106:13-35
127
128        <activity
128-->[com.google.firebase:firebase-auth:20.0.0] AndroidManifest.xml:27:9-34:50
129            android:name="com.google.firebase.auth.internal.FederatedSignInActivity"
129-->[com.google.firebase:firebase-auth:20.0.0] AndroidManifest.xml:28:13-85
130            android:excludeFromRecents="true"
130-->[com.google.firebase:firebase-auth:20.0.0] AndroidManifest.xml:29:13-46
131            android:exported="true"
131-->[com.google.firebase:firebase-auth:20.0.0] AndroidManifest.xml:30:13-36
132            android:launchMode="singleTask"
132-->[com.google.firebase:firebase-auth:20.0.0] AndroidManifest.xml:31:13-44
133            android:permission="com.google.firebase.auth.api.gms.permission.LAUNCH_FEDERATED_SIGN_IN"
133-->[com.google.firebase:firebase-auth:20.0.0] AndroidManifest.xml:32:13-102
134            android:theme="@android:style/Theme.Translucent.NoTitleBar" />
134-->[com.google.firebase:firebase-auth:20.0.0] AndroidManifest.xml:33:13-72
135        <activity
135-->[com.google.firebase:firebase-auth:20.0.0] AndroidManifest.xml:35:9-52:20
136            android:name="com.google.firebase.auth.internal.GenericIdpActivity"
136-->[com.google.firebase:firebase-auth:20.0.0] AndroidManifest.xml:36:13-80
137            android:excludeFromRecents="true"
137-->[com.google.firebase:firebase-auth:20.0.0] AndroidManifest.xml:37:13-46
138            android:exported="true"
138-->[com.google.firebase:firebase-auth:20.0.0] AndroidManifest.xml:38:13-36
139            android:launchMode="singleTask"
139-->[com.google.firebase:firebase-auth:20.0.0] AndroidManifest.xml:39:13-44
140            android:theme="@android:style/Theme.Translucent.NoTitleBar" >
140-->[com.google.firebase:firebase-auth:20.0.0] AndroidManifest.xml:40:13-72
141            <intent-filter>
141-->[com.google.firebase:firebase-auth:20.0.0] AndroidManifest.xml:41:13-51:29
142                <action android:name="android.intent.action.VIEW" />
142-->[com.firebaseui:firebase-ui-auth:4.3.2] AndroidManifest.xml:93:17-69
142-->[com.firebaseui:firebase-ui-auth:4.3.2] AndroidManifest.xml:93:25-66
143
144                <category android:name="android.intent.category.DEFAULT" />
144-->[com.firebaseui:firebase-ui-auth:4.3.2] AndroidManifest.xml:95:17-76
144-->[com.firebaseui:firebase-ui-auth:4.3.2] AndroidManifest.xml:95:27-73
145                <category android:name="android.intent.category.BROWSABLE" />
145-->[com.firebaseui:firebase-ui-auth:4.3.2] AndroidManifest.xml:96:17-78
145-->[com.firebaseui:firebase-ui-auth:4.3.2] AndroidManifest.xml:96:27-75
146
147                <data
147-->[com.firebaseui:firebase-ui-auth:4.3.2] AndroidManifest.xml:98:17-81
148                    android:host="firebase.auth"
149                    android:path="/"
150                    android:scheme="genericidp" />
150-->[com.firebaseui:firebase-ui-auth:4.3.2] AndroidManifest.xml:98:23-78
151            </intent-filter>
152        </activity>
153        <activity
153-->[com.google.firebase:firebase-auth:20.0.0] AndroidManifest.xml:53:9-70:20
154            android:name="com.google.firebase.auth.internal.RecaptchaActivity"
154-->[com.google.firebase:firebase-auth:20.0.0] AndroidManifest.xml:54:13-79
155            android:excludeFromRecents="true"
155-->[com.google.firebase:firebase-auth:20.0.0] AndroidManifest.xml:55:13-46
156            android:exported="true"
156-->[com.google.firebase:firebase-auth:20.0.0] AndroidManifest.xml:56:13-36
157            android:launchMode="singleTask"
157-->[com.google.firebase:firebase-auth:20.0.0] AndroidManifest.xml:57:13-44
158            android:theme="@android:style/Theme.Translucent.NoTitleBar" >
158-->[com.google.firebase:firebase-auth:20.0.0] AndroidManifest.xml:58:13-72
159            <intent-filter>
159-->[com.google.firebase:firebase-auth:20.0.0] AndroidManifest.xml:59:13-69:29
160                <action android:name="android.intent.action.VIEW" />
160-->[com.firebaseui:firebase-ui-auth:4.3.2] AndroidManifest.xml:93:17-69
160-->[com.firebaseui:firebase-ui-auth:4.3.2] AndroidManifest.xml:93:25-66
161
162                <category android:name="android.intent.category.DEFAULT" />
162-->[com.firebaseui:firebase-ui-auth:4.3.2] AndroidManifest.xml:95:17-76
162-->[com.firebaseui:firebase-ui-auth:4.3.2] AndroidManifest.xml:95:27-73
163                <category android:name="android.intent.category.BROWSABLE" />
163-->[com.firebaseui:firebase-ui-auth:4.3.2] AndroidManifest.xml:96:17-78
163-->[com.firebaseui:firebase-ui-auth:4.3.2] AndroidManifest.xml:96:27-75
164
165                <data
165-->[com.firebaseui:firebase-ui-auth:4.3.2] AndroidManifest.xml:98:17-81
166                    android:host="firebase.auth"
167                    android:path="/"
168                    android:scheme="recaptcha" />
168-->[com.firebaseui:firebase-ui-auth:4.3.2] AndroidManifest.xml:98:23-78
169            </intent-filter>
170        </activity>
171
172        <service
172-->[com.google.firebase:firebase-auth:20.0.0] AndroidManifest.xml:72:9-81:19
173            android:name="com.google.firebase.auth.api.fallback.service.FirebaseAuthFallbackService"
173-->[com.google.firebase:firebase-auth:20.0.0] AndroidManifest.xml:73:13-101
174            android:enabled="true"
174-->[com.google.firebase:firebase-auth:20.0.0] AndroidManifest.xml:74:13-35
175            android:exported="false" >
175-->[com.google.firebase:firebase-auth:20.0.0] AndroidManifest.xml:75:13-37
176            <intent-filter>
176-->[com.google.firebase:firebase-auth:20.0.0] AndroidManifest.xml:76:13-80:29
177                <action android:name="com.google.firebase.auth.api.gms.service.START" />
177-->[com.google.firebase:firebase-auth:20.0.0] AndroidManifest.xml:77:17-89
177-->[com.google.firebase:firebase-auth:20.0.0] AndroidManifest.xml:77:25-86
178
179                <category android:name="android.intent.category.DEFAULT" />
179-->[com.firebaseui:firebase-ui-auth:4.3.2] AndroidManifest.xml:95:17-76
179-->[com.firebaseui:firebase-ui-auth:4.3.2] AndroidManifest.xml:95:27-73
180            </intent-filter>
181        </service>
182        <service
182-->[com.google.firebase:firebase-auth:20.0.0] AndroidManifest.xml:82:9-88:19
183            android:name="com.google.firebase.components.ComponentDiscoveryService"
183-->[com.google.firebase:firebase-auth:20.0.0] AndroidManifest.xml:83:13-84
184            android:directBootAware="true"
184-->[com.google.firebase:firebase-common:19.3.1] AndroidManifest.xml:35:13-43
185            android:exported="false" >
185-->[com.google.firebase:firebase-auth:20.0.0] AndroidManifest.xml:84:13-37
186            <meta-data
186-->[com.google.firebase:firebase-auth:20.0.0] AndroidManifest.xml:85:13-87:85
187                android:name="com.google.firebase.components:com.google.firebase.auth.FirebaseAuthRegistrar"
187-->[com.google.firebase:firebase-auth:20.0.0] AndroidManifest.xml:86:17-109
188                android:value="com.google.firebase.components.ComponentRegistrar" />
188-->[com.google.firebase:firebase-auth:20.0.0] AndroidManifest.xml:87:17-82
189            <meta-data
189-->[com.google.firebase:firebase-firestore:22.0.0] AndroidManifest.xml:20:13-22:85
190                android:name="com.google.firebase.components:com.google.firebase.firestore.FirestoreRegistrar"
190-->[com.google.firebase:firebase-firestore:22.0.0] AndroidManifest.xml:21:17-111
191                android:value="com.google.firebase.components.ComponentRegistrar" />
191-->[com.google.firebase:firebase-firestore:22.0.0] AndroidManifest.xml:22:17-82
192            <meta-data
192-->[com.google.android.gms:play-services-measurement-api:18.0.0] AndroidManifest.xml:30:13-32:85
193                android:name="com.google.firebase.components:com.google.firebase.analytics.connector.internal.AnalyticsConnectorRegistrar"
193-->[com.google.android.gms:play-services-measurement-api:18.0.0] AndroidManifest.xml:31:17-139
194                android:value="com.google.firebase.components.ComponentRegistrar" />
194-->[com.google.android.gms:play-services-measurement-api:18.0.0] AndroidManifest.xml:32:17-82
195            <meta-data
195-->[com.google.firebase:firebase-installations:16.3.3] AndroidManifest.xml:17:13-19:85
196                android:name="com.google.firebase.components:com.google.firebase.installations.FirebaseInstallationsRegistrar"
196-->[com.google.firebase:firebase-installations:16.3.3] AndroidManifest.xml:18:17-127
197                android:value="com.google.firebase.components.ComponentRegistrar" />
197-->[com.google.firebase:firebase-installations:16.3.3] AndroidManifest.xml:19:17-82
198        </service>
199
200        <activity
200-->[com.google.android.gms:play-services-auth:18.1.0] AndroidManifest.xml:23:9-27:75
201            android:name="com.google.android.gms.auth.api.signin.internal.SignInHubActivity"
201-->[com.google.android.gms:play-services-auth:18.1.0] AndroidManifest.xml:24:13-93
202            android:excludeFromRecents="true"
202-->[com.google.android.gms:play-services-auth:18.1.0] AndroidManifest.xml:25:13-46
203            android:exported="false"
203-->[com.google.android.gms:play-services-auth:18.1.0] AndroidManifest.xml:26:13-37
204            android:theme="@android:style/Theme.Translucent.NoTitleBar" />
204-->[com.google.android.gms:play-services-auth:18.1.0] AndroidManifest.xml:27:13-72
205        <!--
206            Service handling Google Sign-In user revocation. For apps that do not integrate with
207            Google Sign-In, this service will never be started.
208        -->
209        <service
209-->[com.google.android.gms:play-services-auth:18.1.0] AndroidManifest.xml:33:9-37:51
210            android:name="com.google.android.gms.auth.api.signin.RevocationBoundService"
210-->[com.google.android.gms:play-services-auth:18.1.0] AndroidManifest.xml:34:13-89
211            android:exported="true"
211-->[com.google.android.gms:play-services-auth:18.1.0] AndroidManifest.xml:35:13-36
212            android:permission="com.google.android.gms.auth.api.signin.permission.REVOCATION_NOTIFICATION"
212-->[com.google.android.gms:play-services-auth:18.1.0] AndroidManifest.xml:36:13-107
213            android:visibleToInstantApps="true" />
213-->[com.google.android.gms:play-services-auth:18.1.0] AndroidManifest.xml:37:13-48
214
215        <provider
215-->[com.google.firebase:firebase-common:19.3.1] AndroidManifest.xml:26:9-31:39
216            android:name="com.google.firebase.provider.FirebaseInitProvider"
216-->[com.google.firebase:firebase-common:19.3.1] AndroidManifest.xml:27:13-77
217            android:authorities="com.example.booktracker.firebaseinitprovider"
217-->[com.google.firebase:firebase-common:19.3.1] AndroidManifest.xml:28:13-72
218            android:directBootAware="true"
218-->[com.google.firebase:firebase-common:19.3.1] AndroidManifest.xml:29:13-43
219            android:exported="false"
219-->[com.google.firebase:firebase-common:19.3.1] AndroidManifest.xml:30:13-37
220            android:initOrder="100" />
220-->[com.google.firebase:firebase-common:19.3.1] AndroidManifest.xml:31:13-36
221
222        <activity
222-->[com.google.android.gms:play-services-base:17.1.0] AndroidManifest.xml:23:9-26:75
223            android:name="com.google.android.gms.common.api.GoogleApiActivity"
223-->[com.google.android.gms:play-services-base:17.1.0] AndroidManifest.xml:24:13-79
224            android:exported="false"
224-->[com.google.android.gms:play-services-base:17.1.0] AndroidManifest.xml:25:13-37
225            android:theme="@android:style/Theme.Translucent.NoTitleBar" />
225-->[com.google.android.gms:play-services-base:17.1.0] AndroidManifest.xml:26:13-72
226
227        <receiver
227-->[com.google.android.gms:play-services-measurement:18.0.0] AndroidManifest.xml:29:9-33:20
228            android:name="com.google.android.gms.measurement.AppMeasurementReceiver"
228-->[com.google.android.gms:play-services-measurement:18.0.0] AndroidManifest.xml:30:13-85
229            android:enabled="true"
229-->[com.google.android.gms:play-services-measurement:18.0.0] AndroidManifest.xml:31:13-35
230            android:exported="false" >
230-->[com.google.android.gms:play-services-measurement:18.0.0] AndroidManifest.xml:32:13-37
231        </receiver>
232
233        <service
233-->[com.google.android.gms:play-services-measurement:18.0.0] AndroidManifest.xml:35:9-38:40
234            android:name="com.google.android.gms.measurement.AppMeasurementService"
234-->[com.google.android.gms:play-services-measurement:18.0.0] AndroidManifest.xml:36:13-84
235            android:enabled="true"
235-->[com.google.android.gms:play-services-measurement:18.0.0] AndroidManifest.xml:37:13-35
236            android:exported="false" />
236-->[com.google.android.gms:play-services-measurement:18.0.0] AndroidManifest.xml:38:13-37
237        <service
237-->[com.google.android.gms:play-services-measurement:18.0.0] AndroidManifest.xml:39:9-43:72
238            android:name="com.google.android.gms.measurement.AppMeasurementJobService"
238-->[com.google.android.gms:play-services-measurement:18.0.0] AndroidManifest.xml:40:13-87
239            android:enabled="true"
239-->[com.google.android.gms:play-services-measurement:18.0.0] AndroidManifest.xml:41:13-35
240            android:exported="false"
240-->[com.google.android.gms:play-services-measurement:18.0.0] AndroidManifest.xml:42:13-37
241            android:permission="android.permission.BIND_JOB_SERVICE" />
241-->[com.google.android.gms:play-services-measurement:18.0.0] AndroidManifest.xml:43:13-69
242
243        <provider
243-->[androidx.lifecycle:lifecycle-process:2.2.0] AndroidManifest.xml:25:9-29:43
244            android:name="androidx.lifecycle.ProcessLifecycleOwnerInitializer"
244-->[androidx.lifecycle:lifecycle-process:2.2.0] AndroidManifest.xml:26:13-79
245            android:authorities="com.example.booktracker.lifecycle-process"
245-->[androidx.lifecycle:lifecycle-process:2.2.0] AndroidManifest.xml:27:13-69
246            android:exported="false"
246-->[androidx.lifecycle:lifecycle-process:2.2.0] AndroidManifest.xml:28:13-37
247            android:multiprocess="true" />
247-->[androidx.lifecycle:lifecycle-process:2.2.0] AndroidManifest.xml:29:13-40
248    </application>
249
250</manifest>